feature/camera/build/intermediates/manifest_merge_blame_file/debug/processDebugManifest/manifest-merger-blame-debug-report.txt
1<?xml version="1.0" encoding="utf-8"?>
2<manifest xmlns:android="http://schemas.android.com/apk/res/android"
3    package="com.example.b1void.camera" >
4
5    <uses-sdk android:minSdkVersion="27" />
6
7    <application />
7-->src\main\AndroidManifest.xml:2:5-20
8
9</manifest>